<?xml version="1.0" encoding="UTF-8"?>
<!-- Generated by org.testng.reporters.JUnitXMLReporter -->
<testsuite hostname="Amar" ignored="0" name="Default test" tests="2" failures="0" timestamp="2021-12-21T17:36:11 IST" time="0.24" errors="0">
  <testcase name="@BeforeClass launchBrowser_URL" time="0.001" classname="com.Vtiger.genericUtil.BaseClass">
    <failure type="java.lang.NullPointerException">
      <![CDATA[java.lang.NullPointerException
at com.Vtiger.genericUtil.BaseClass.launchBrowser_URL(BaseClass.java:47)
at sun.reflect.NativeMethodAccessorImpl.invoke0(Native Method)
at sun.reflect.NativeMethodAccessorImpl.invoke(NativeMethodAccessorImpl.java:62)
at sun.reflect.DelegatingMethodAccessorImpl.invoke(DelegatingMethodAccessorImpl.java:43)
at java.lang.reflect.Method.invoke(Method.java:498)
at org.testng.internal.MethodInvocationHelper.invokeMethod(MethodInvocationHelper.java:132)
at org.testng.internal.MethodInvocationHelper.invokeMethodConsideringTimeout(MethodInvocationHelper.java:61)
at org.testng.internal.ConfigInvoker.invokeConfigurationMethod(ConfigInvoker.java:366)
at org.testng.internal.ConfigInvoker.invokeConfigurations(ConfigInvoker.java:320)
at org.testng.internal.TestMethodWorker.invokeBeforeClassMethods(TestMethodWorker.java:176)
at org.testng.internal.TestMethodWorker.run(TestMethodWorker.java:122)
at java.util.ArrayList.forEach(ArrayList.java:1257)
at org.testng.TestRunner.privateRun(TestRunner.java:764)
at org.testng.TestRunner.run(TestRunner.java:585)
at org.testng.SuiteRunner.runTest(SuiteRunner.java:384)
at org.testng.SuiteRunner.runSequentially(SuiteRunner.java:378)
at org.testng.SuiteRunner.privateRun(SuiteRunner.java:337)
at org.testng.SuiteRunner.run(SuiteRunner.java:286)
at org.testng.SuiteRunnerWorker.runSuite(SuiteRunnerWorker.java:53)
at org.testng.SuiteRunnerWorker.run(SuiteRunnerWorker.java:96)
at org.testng.TestNG.runSuitesSequentially(TestNG.java:1218)
at org.testng.TestNG.runSuitesLocally(TestNG.java:1140)
at org.testng.TestNG.runSuites(TestNG.java:1069)
at org.testng.TestNG.run(TestNG.java:1037)
at org.testng.remote.AbstractRemoteTestNG.run(AbstractRemoteTestNG.java:115)
at org.testng.remote.RemoteTestNG.initAndRun(RemoteTestNG.java:251)
at org.testng.remote.RemoteTestNG.main(RemoteTestNG.java:77)
]]>
    </failure>
  </testcase> <!-- @BeforeClass launchBrowser_URL -->
  <testcase name="@BeforeMethod logintoApp" time="-1.640088370975E9" classname="com.Vtiger.genericUtil.BaseClass">
    <skipped/>
  </testcase> <!-- @BeforeMethod logintoApp -->
  <testcase name="@AfterMethod logoutfromApp" time="-1.640088371005E9" classname="com.Vtiger.genericUtil.BaseClass">
    <skipped/>
  </testcase> <!-- @AfterMethod logoutfromApp -->
  <testcase name="@BeforeMethod logintoApp" time="-1.640088371024E9" classname="com.Vtiger.genericUtil.BaseClass">
    <skipped/>
  </testcase> <!-- @BeforeMethod logintoApp -->
  <testcase name="@AfterMethod logoutfromApp" time="-1.64008837106E9" classname="com.Vtiger.genericUtil.BaseClass">
    <skipped/>
  </testcase> <!-- @AfterMethod logoutfromApp -->
  <testcase name="@AfterClass tearDown" time="-1.640088371069E9" classname="com.Vtiger.genericUtil.BaseClass">
    <skipped/>
  </testcase> <!-- @AfterClass tearDown -->
  <testcase name="createOrg" time="0.0" classname="com.Vtiger.TC.TC001_CreateOrganizationTest">
    <skipped/>
  </testcase> <!-- createOrg -->
  <testcase name="createorgwithphonenumber" time="0.0" classname="com.Vtiger.TC.TC001_CreateOrganizationTest">
    <skipped/>
  </testcase> <!-- createorgwithphonenumber -->
</testsuite> <!-- Default test -->
