<?xml version="1.0" encoding="UTF-8"?>
<!-- Generated by org.testng.reporters.JUnitXMLReporter -->
<testsuite hostname="Amar" ignored="0" name="Default test" tests="5" failures="0" timestamp="2021-12-21T15:28:22 IST" time="5.051" errors="0">
  <testcase name="Sample" time="0.028" classname="com.sdet2.practice.DtaProvider"/>
  <testcase name="Sample" time="0.007" classname="com.sdet2.practice.DtaProvider"/>
  <testcase name="Sample" time="0.02" classname="com.sdet2.practice.DtaProvider"/>
  <testcase name="Sample" time="0.008" classname="com.sdet2.practice.DtaProvider"/>
  <testcase name="Sample" time="0.019" classname="com.sdet2.practice.DtaProvider"/>
</testsuite> <!-- Default test -->
