<?xml version="1.0" encoding="UTF-8"?>
<!-- Generated by org.testng.reporters.JUnitXMLReporter -->
<testsuite hostname="Amar" ignored="6" name="Test" tests="3" failures="0" timestamp="2021-12-17T12:07:45 IST" time="0.509" errors="0">
  <testcase name="@BeforeClass launchBrowser_URL" time="0.001" classname="com.Vtiger.genericUtil.BaseClass">
    <failure type="java.lang.NullPointerException">
      <![CDATA[java.lang.NullPointerException
at com.Vtiger.genericUtil.BaseClass.launchBrowser_URL(BaseClass.java:47)
at java.util.ArrayList.forEach(ArrayList.java:1257)
... Removed 25 stack frames]]>
    </failure>
  </testcase> <!-- @BeforeClass launchBrowser_URL -->
  <testcase name="@BeforeMethod logintoApp" time="-1.639723064806E9" classname="com.Vtiger.genericUtil.BaseClass">
    <skipped/>
  </testcase> <!-- @BeforeMethod logintoApp -->
  <testcase name="@AfterMethod logoutfromApp" time="-1.639723064842E9" classname="com.Vtiger.genericUtil.BaseClass">
    <skipped/>
  </testcase> <!-- @AfterMethod logoutfromApp -->
  <testcase name="@AfterClass tearDown" time="-1.639723064864E9" classname="com.Vtiger.genericUtil.BaseClass">
    <skipped/>
  </testcase> <!-- @AfterClass tearDown -->
  <testcase name="@BeforeClass launchBrowser_URL" time="0.002" classname="com.Vtiger.genericUtil.BaseClass">
    <failure type="java.lang.NullPointerException">
      <![CDATA[java.lang.NullPointerException
at com.Vtiger.genericUtil.BaseClass.launchBrowser_URL(BaseClass.java:47)
at java.util.ArrayList.forEach(ArrayList.java:1257)
... Removed 25 stack frames]]>
    </failure>
  </testcase> <!-- @BeforeClass launchBrowser_URL -->
  <testcase name="@BeforeMethod logintoApp" time="-1.639723064898E9" classname="com.Vtiger.genericUtil.BaseClass">
    <skipped/>
  </testcase> <!-- @BeforeMethod logintoApp -->
  <testcase name="@AfterMethod logoutfromApp" time="-1.639723064935E9" classname="com.Vtiger.genericUtil.BaseClass">
    <skipped/>
  </testcase> <!-- @AfterMethod logoutfromApp -->
  <testcase name="@AfterClass tearDown" time="-1.639723064973E9" classname="com.Vtiger.genericUtil.BaseClass">
    <skipped/>
  </testcase> <!-- @AfterClass tearDown -->
  <testcase name="@BeforeClass launchBrowser_URL" time="0.003" classname="com.Vtiger.genericUtil.BaseClass">
    <failure type="java.lang.NullPointerException">
      <![CDATA[java.lang.NullPointerException
at com.Vtiger.genericUtil.BaseClass.launchBrowser_URL(BaseClass.java:47)
at java.util.ArrayList.forEach(ArrayList.java:1257)
... Removed 25 stack frames]]>
    </failure>
  </testcase> <!-- @BeforeClass launchBrowser_URL -->
  <testcase name="@BeforeMethod logintoApp" time="-1.639723065029E9" classname="com.Vtiger.genericUtil.BaseClass">
    <skipped/>
  </testcase> <!-- @BeforeMethod logintoApp -->
  <testcase name="@AfterMethod logoutfromApp" time="-1.6397230651E9" classname="com.Vtiger.genericUtil.BaseClass">
    <skipped/>
  </testcase> <!-- @AfterMethod logoutfromApp -->
  <testcase name="@AfterClass tearDown" time="-1.639723065146E9" classname="com.Vtiger.genericUtil.BaseClass">
    <skipped/>
  </testcase> <!-- @AfterClass tearDown -->
  <testcase name="createcontactwithorg" time="0.0" classname="com.Vtiger.TC.TC003_CreateContactWithOrgTest">
    <skipped/>
  </testcase> <!-- createcontactwithorg -->
  <testcase name="CreateorgwithDD" time="0.0" classname="com.Vtiger.TC.TC002_CreateOrgwithDropDownTest">
    <skipped/>
  </testcase> <!-- CreateorgwithDD -->
  <testcase name="createorgwithphonenumber" time="0.0" classname="com.Vtiger.TC.TC001_CreateOrganizationTest">
    <skipped/>
  </testcase> <!-- createorgwithphonenumber -->
  <testcase name="createcontact" time="0.0" classname="com.Vtiger.TC.TC003_CreateContactWithOrgTest">
    <ignored/>
  </testcase> <!-- createcontact -->
  <testcase name="@BeforeSuite setUp" time="0.0" classname="com.Vtiger.genericUtil.BaseClass">
    <ignored/>
  </testcase> <!-- @BeforeSuite setUp -->
  <testcase name="@BeforeSuite setUp" time="0.0" classname="com.Vtiger.genericUtil.BaseClass">
    <ignored/>
  </testcase> <!-- @BeforeSuite setUp -->
  <testcase name="@AfterSuite disconnectfromDB" time="0.0" classname="com.Vtiger.genericUtil.BaseClass">
    <ignored/>
  </testcase> <!-- @AfterSuite disconnectfromDB -->
  <testcase name="@AfterSuite disconnectfromDB" time="0.0" classname="com.Vtiger.genericUtil.BaseClass">
    <ignored/>
  </testcase> <!-- @AfterSuite disconnectfromDB -->
  <testcase name="createOrg" time="0.0" classname="com.Vtiger.TC.TC001_CreateOrganizationTest">
    <ignored/>
  </testcase> <!-- createOrg -->
</testsuite> <!-- Test -->
