<?xml version="1.0" encoding="UTF-8"?>
<testng-results skipped="0" failed="0" ignored="0" total="1" passed="1">
  <reporter-output>
  </reporter-output>
  <suite name="Default suite" duration-ms="16576" started-at="2021-12-10T11:38:13 IST" finished-at="2021-12-10T11:38:30 IST">
    <groups>
    </groups>
    <test name="Default test" duration-ms="16576" started-at="2021-12-10T11:38:13 IST" finished-at="2021-12-10T11:38:30 IST">
      <class name="com.sdet2.practice.SampleTest">
        <test-method status="PASS" signature="cmdlineparameter()[pri:0, instance:com.sdet2.practice.SampleTest@4de5031f]" name="cmdlineparameter" duration-ms="16444" started-at="2021-12-10T11:38:14 IST" finished-at="2021-12-10T11:38:30 IST">
          <reporter-output>
          </reporter-output>
        </test-method> <!-- cmdlineparameter -->
      </class> <!-- com.sdet2.practice.SampleTest -->
    </test> <!-- Default test -->
  </suite> <!-- Default suite -->
</testng-results>
